# JRE version: Java(TM) SE Runtime Environment (9.0+11) (build 9.0.4+11)
# Java VM: Java HotSpot(TM) 64-Bit Server VM (9.0.4+11, mixed mode, tiered, compressed oops, g1 gc, windows-amd64)
Heap:
 garbage-first heap   total 183296K, used 106960K [0x0000000700000000, 0x0000000700100598, 0x00000007c0000000)
  region size 1024K, 35 young (35840K), 1 survivors (1024K)
 Metaspace       used 86382K, capacity 92951K, committed 93308K, reserved 1130496K
  class space    used 11718K, capacity 12854K, committed 12924K, reserved 1048576K
GC Heap History (10 events):
Event: 1438.767 GC heap before
{Heap before GC invocations=218 (full 54):
 garbage-first heap   total 183296K, used 132698K [0x0000000700000000, 0x0000000700100598, 0x00000007c0000000)
  region size 1024K, 60 young (61440K), 2 survivors (2048K)
 Metaspace       used 86214K, capacity 92751K, committed 93052K, reserved 1130496K
  class space    used 11702K, capacity 12852K, committed 12924K, reserved 1048576K
}
Event: 1438.772 GC heap after
{Heap after GC invocations=219 (full 54):
 garbage-first heap   total 183296K, used 73355K [0x0000000700000000, 0x0000000700100598, 0x00000007c0000000)
  region size 1024K, 2 young (2048K), 2 survivors (2048K)
 Metaspace       used 86214K, capacity 92751K, committed 93052K, reserved 1130496K
  class space    used 11702K, capacity 12852K, committed 12924K, reserved 1048576K
}
Event: 1440.933 GC heap before
{Heap before GC invocations=219 (full 54):
 garbage-first heap   total 183296K, used 132747K [0x0000000700000000, 0x0000000700100598, 0x00000007c0000000)
  region size 1024K, 60 young (61440K), 2 survivors (2048K)
 Metaspace       used 86357K, capacity 92887K, committed 93052K, reserved 1130496K
  class space    used 11718K, capacity 12854K, committed 12924K, reserved 1048576K
}
Event: 1440.936 GC heap after
{Heap after GC invocations=220 (full 54):
 garbage-first heap   total 183296K, used 73409K [0x0000000700000000, 0x0000000700100598, 0x00000007c0000000)
  region size 1024K, 2 young (2048K), 2 survivors (2048K)
 Metaspace       used 86357K, capacity 92887K, committed 93052K, reserved 1130496K
  class space    used 11718K, capacity 12854K, committed 12924K, reserved 1048576K
}
Event: 1442.253 GC heap before
{Heap before GC invocations=220 (full 54):
 garbage-first heap   total 183296K, used 132801K [0x0000000700000000, 0x0000000700100598, 0x00000007c0000000)
  region size 1024K, 60 young (61440K), 2 survivors (2048K)
 Metaspace       used 86360K, capacity 92887K, committed 93052K, reserved 1130496K
  class space    used 11718K, capacity 12854K, committed 12924K, reserved 1048576K
}
Event: 1442.257 GC heap after
{Heap after GC invocations=221 (full 54):
 garbage-first heap   total 183296K, used 73419K [0x0000000700000000, 0x0000000700100598, 0x00000007c0000000)
  region size 1024K, 2 young (2048K), 2 survivors (2048K)
 Metaspace       used 86360K, capacity 92887K, committed 93052K, reserved 1130496K
  class space    used 11718K, capacity 12854K, committed 12924K, reserved 1048576K
}
Event: 1443.445 GC heap before
{Heap before GC invocations=221 (full 54):
 garbage-first heap   total 183296K, used 132811K [0x0000000700000000, 0x0000000700100598, 0x00000007c0000000)
  region size 1024K, 60 young (61440K), 2 survivors (2048K)
 Metaspace       used 86369K, capacity 92887K, committed 93052K, reserved 1130496K
  class space    used 11718K, capacity 12854K, committed 12924K, reserved 1048576K
}
Event: 1443.449 GC heap after
{Heap after GC invocations=222 (full 54):
 garbage-first heap   total 183296K, used 73075K [0x0000000700000000, 0x0000000700100598, 0x00000007c0000000)
  region size 1024K, 1 young (1024K), 1 survivors (1024K)
 Metaspace       used 86369K, capacity 92887K, committed 93052K, reserved 1130496K
  class space    used 11718K, capacity 12854K, committed 12924K, reserved 1048576K
}
Event: 1444.899 GC heap before
{Heap before GC invocations=222 (full 54):
 garbage-first heap   total 183296K, used 133491K [0x0000000700000000, 0x0000000700100598, 0x00000007c0000000)
  region size 1024K, 60 young (61440K), 1 survivors (1024K)
 Metaspace       used 86381K, capacity 92887K, committed 93052K, reserved 1130496K
  class space    used 11718K, capacity 12854K, committed 12924K, reserved 1048576K
}
Event: 1444.902 GC heap after
{Heap after GC invocations=223 (full 54):
 garbage-first heap   total 183296K, used 73168K [0x0000000700000000, 0x0000000700100598, 0x00000007c0000000)
  region size 1024K, 1 young (1024K), 1 survivors (1024K)
 Metaspace       used 86381K, capacity 92887K, committed 93052K, reserved 1130496K
  class space    used 11718K, capacity 12854K, committed 12924K, reserved 1048576K
}

