# JRE version: Java(TM) SE Runtime Environment (9.0+11) (build 9.0.4+11)
# Java VM: Java HotSpot(TM) 64-Bit Server VM (9.0.4+11, mixed mode, tiered, compressed oops, g1 gc, windows-amd64)
Heap:
 garbage-first heap   total 189440K, used 112799K [0x0000000700000000, 0x00000007001005c8, 0x00000007c0000000)
  region size 1024K, 42 young (43008K), 1 survivors (1024K)
 Metaspace       used 82688K, capacity 88589K, committed 88776K, reserved 1126400K
  class space    used 11097K, capacity 12145K, committed 12232K, reserved 1048576K
GC Heap History (10 events):
Event: 988.642 GC heap before
{Heap before GC invocations=255 (full 92):
 garbage-first heap   total 189440K, used 131858K [0x0000000700000000, 0x00000007001005c8, 0x00000007c0000000)
  region size 1024K, 60 young (61440K), 1 survivors (1024K)
 Metaspace       used 82651K, capacity 88557K, committed 88776K, reserved 1126400K
  class space    used 11095K, capacity 12113K, committed 12232K, reserved 1048576K
}
Event: 988.645 GC heap after
{Heap after GC invocations=256 (full 92):
 garbage-first heap   total 189440K, used 71664K [0x0000000700000000, 0x00000007001005c8, 0x00000007c0000000)
  region size 1024K, 1 young (1024K), 1 survivors (1024K)
 Metaspace       used 82651K, capacity 88557K, committed 88776K, reserved 1126400K
  class space    used 11095K, capacity 12113K, committed 12232K, reserved 1048576K
}
Event: 1002.331 GC heap before
{Heap before GC invocations=256 (full 92):
 garbage-first heap   total 189440K, used 136176K [0x0000000700000000, 0x00000007001005c8, 0x00000007c0000000)
  region size 1024K, 60 young (61440K), 1 survivors (1024K)
 Metaspace       used 82653K, capacity 88557K, committed 88776K, reserved 1126400K
  class space    used 11095K, capacity 12113K, committed 12232K, reserved 1048576K
}
Event: 1002.336 GC heap after
{Heap after GC invocations=257 (full 92):
 garbage-first heap   total 189440K, used 75828K [0x0000000700000000, 0x00000007001005c8, 0x00000007c0000000)
  region size 1024K, 1 young (1024K), 1 survivors (1024K)
 Metaspace       used 82653K, capacity 88557K, committed 88776K, reserved 1126400K
  class space    used 11095K, capacity 12113K, committed 12232K, reserved 1048576K
}
Event: 1002.770 GC heap before
{Heap before GC invocations=257 (full 92):
 garbage-first heap   total 189440K, used 136244K [0x0000000700000000, 0x00000007001005c8, 0x00000007c0000000)
  region size 1024K, 60 young (61440K), 1 survivors (1024K)
 Metaspace       used 82660K, capacity 88589K, committed 88776K, reserved 1126400K
  class space    used 11097K, capacity 12145K, committed 12232K, reserved 1048576K
}
Event: 1002.772 GC heap after
{Heap after GC invocations=258 (full 92):
 garbage-first heap   total 189440K, used 71665K [0x0000000700000000, 0x00000007001005c8, 0x00000007c0000000)
  region size 1024K, 1 young (1024K), 1 survivors (1024K)
 Metaspace       used 82660K, capacity 88589K, committed 88776K, reserved 1126400K
  class space    used 11097K, capacity 12145K, committed 12232K, reserved 1048576K
}
Event: 1029.299 GC heap before
{Heap before GC invocations=258 (full 92):
 garbage-first heap   total 189440K, used 132081K [0x0000000700000000, 0x00000007001005c8, 0x00000007c0000000)
  region size 1024K, 60 young (61440K), 1 survivors (1024K)
 Metaspace       used 82663K, capacity 88589K, committed 88776K, reserved 1126400K
  class space    used 11097K, capacity 12145K, committed 12232K, reserved 1048576K
}
Event: 1029.301 GC heap after
{Heap after GC invocations=259 (full 92):
 garbage-first heap   total 189440K, used 71692K [0x0000000700000000, 0x00000007001005c8, 0x00000007c0000000)
  region size 1024K, 1 young (1024K), 1 survivors (1024K)
 Metaspace       used 82663K, capacity 88589K, committed 88776K, reserved 1126400K
  class space    used 11097K, capacity 12145K, committed 12232K, reserved 1048576K
}
Event: 1030.770 GC heap before
{Heap before GC invocations=259 (full 92):
 garbage-first heap   total 189440K, used 132108K [0x0000000700000000, 0x00000007001005c8, 0x00000007c0000000)
  region size 1024K, 60 young (61440K), 1 survivors (1024K)
 Metaspace       used 82672K, capacity 88589K, committed 88776K, reserved 1126400K
  class space    used 11097K, capacity 12145K, committed 12232K, reserved 1048576K
}
Event: 1030.772 GC heap after
{Heap after GC invocations=260 (full 92):
 garbage-first heap   total 189440K, used 71839K [0x0000000700000000, 0x00000007001005c8, 0x00000007c0000000)
  region size 1024K, 1 young (1024K), 1 survivors (1024K)
 Metaspace       used 82672K, capacity 88589K, committed 88776K, reserved 1126400K
  class space    used 11097K, capacity 12145K, committed 12232K, reserved 1048576K
}

